<?xml version="1.0" encoding="UTF-8"?>
<!-- Generated by org.testng.reporters.JUnitReportReporter -->
<testsuite skipped="0" hostname="sairam-PC" name="TestNg.addressbook" tests="1" failures="0" timestamp="10 May 2018 16:29:15 GMT" time="36.851" errors="0">
  <testcase name="verifylogin" time="36.851" classname="TestNg.addressbook"/>
</testsuite> <!-- TestNg.addressbook -->
