<?xml version="1.0" encoding="UTF-8"?>
<!-- Generated by org.testng.reporters.JUnitReportReporter -->
<testsuite skipped="0" hostname="sairam-PC" name="TestNG.addressbook" tests="1" failures="0" timestamp="10 May 2018 16:08:01 GMT" time="13.547" errors="0">
  <testcase name="verifylogin" time="13.547" classname="TestNG.addressbook"/>
</testsuite> <!-- TestNG.addressbook -->
