<?xml version="1.0" encoding="UTF-8"?>
<!-- Generated by org.testng.reporters.JUnitReportReporter -->
<testsuite skipped="0" hostname="sairam-PC" name="TestNG.addressbook" tests="1" failures="0" timestamp="10 May 2018 16:07:10 GMT" time="17.666" errors="0">
  <testcase name="verifylogin" time="17.666" classname="TestNG.addressbook"/>
</testsuite> <!-- TestNG.addressbook -->
