<?xml version="1.0" encoding="UTF-8"?>
<!-- Generated by org.testng.reporters.JUnitReportReporter -->
<testsuite skipped="0" hostname="sairam-PC" name="TestNG.NewTest" tests="2" failures="0" timestamp="10 May 2018 04:48:20 GMT" time="11.519" errors="0">
  <testcase name="verfiyurl" time="5.225" classname="TestNG.NewTest"/>
  <testcase name="verfiytitle" time="6.294" classname="TestNG.NewTest"/>
</testsuite> <!-- TestNG.NewTest -->
